2023-10-25 12:26:08 [restartedMain] INFO  c.u.test.UserbootprojectApplication - Starting UserbootprojectApplication using Java 17.0.8 on LAPTOP-16 with PID 2364 (C:\Users\dev7\Desktop\myfiles\GitHub\khachaneojas\Userbootrest\Userbootrest\target\classes started by dev7 in C:\Users\dev7\Desktop\myfiles\GitHub\khachaneojas\Userbootrest\Userbootrest)
2023-10-25 12:26:08 [restartedMain] DEBUG c.u.test.UserbootprojectApplication - Running with Spring Boot v2.7.12, Spring v5.3.27
2023-10-25 12:26:08 [restartedMain] INFO  c.u.test.UserbootprojectApplication - No active profile set, falling back to 1 default profile: "default"
2023-10-25 12:26:26 [restartedMain] INFO  c.u.test.UserbootprojectApplication - Started UserbootprojectApplication in 20.35 seconds (JVM running for 107.729)
2023-10-25 12:29:45 [restartedMain] INFO  c.u.test.UserbootprojectApplication - Starting UserbootprojectApplication using Java 17.0.8 on LAPTOP-16 with PID 28908 (C:\Users\dev7\Desktop\myfiles\GitHub\khachaneojas\Userbootrest\Userbootrest\target\classes started by dev7 in C:\Users\dev7\Desktop\myfiles\GitHub\khachaneojas\Userbootrest\Userbootrest)
2023-10-25 12:29:45 [restartedMain] DEBUG c.u.test.UserbootprojectApplication - Running with Spring Boot v2.7.12, Spring v5.3.27
2023-10-25 12:29:45 [restartedMain] INFO  c.u.test.UserbootprojectApplication - No active profile set, falling back to 1 default profile: "default"
2023-10-25 12:29:56 [restartedMain] INFO  c.u.test.UserbootprojectApplication - Started UserbootprojectApplication in 12.613 seconds (JVM running for 14.349)
2023-10-25 13:15:09 [http-nio-8080-exec-3] INFO  c.u.test.controller.UserController - ABC
2023-10-25 13:15:09 [http-nio-8080-exec-3] ERROR c.u.test.controller.UserController - ERROR1
2023-10-25 13:16:49 [restartedMain] INFO  c.u.test.UserbootprojectApplication - Starting UserbootprojectApplication using Java 17.0.8 on LAPTOP-16 with PID 14088 (C:\Users\dev7\Desktop\myfiles\GitHub\khachaneojas\Userbootrest\Userbootrest\target\classes started by dev7 in C:\Users\dev7\Desktop\myfiles\GitHub\khachaneojas\Userbootrest\Userbootrest)
2023-10-25 13:16:49 [restartedMain] DEBUG c.u.test.UserbootprojectApplication - Running with Spring Boot v2.7.12, Spring v5.3.27
2023-10-25 13:16:49 [restartedMain] INFO  c.u.test.UserbootprojectApplication - No active profile set, falling back to 1 default profile: "default"
2023-10-25 13:17:02 [restartedMain] INFO  c.u.test.UserbootprojectApplication - Started UserbootprojectApplication in 13.565 seconds (JVM running for 15.46)
2023-10-25 13:17:54 [http-nio-8080-exec-1] INFO  c.u.test.controller.UserController - ABC
2023-10-25 13:17:54 [http-nio-8080-exec-1] ERROR c.u.test.controller.UserController - ERROR1
2023-10-25 13:19:08 [http-nio-8080-exec-10] INFO  c.u.test.controller.UserController - ABC
2023-10-25 13:19:08 [http-nio-8080-exec-10] ERROR c.u.test.controller.UserController - ERROR1
2023-10-25 13:21:15 [restartedMain] INFO  c.u.test.UserbootprojectApplication - Starting UserbootprojectApplication using Java 17.0.8 on LAPTOP-16 with PID 17428 (C:\Users\dev7\Desktop\myfiles\GitHub\khachaneojas\Userbootrest\Userbootrest\target\classes started by dev7 in C:\Users\dev7\Desktop\myfiles\GitHub\khachaneojas\Userbootrest\Userbootrest)
2023-10-25 13:21:15 [restartedMain] INFO  c.u.test.UserbootprojectApplication - No active profile set, falling back to 1 default profile: "default"
2023-10-25 13:21:28 [restartedMain] INFO  c.u.test.UserbootprojectApplication - Started UserbootprojectApplication in 14.132 seconds (JVM running for 15.754)
2023-10-25 14:20:18 [restartedMain] INFO  c.u.test.UserbootprojectApplication - Starting UserbootprojectApplication using Java 17.0.8 on LAPTOP-16 with PID 23336 (C:\Users\dev7\Desktop\myfiles\GitHub\khachaneojas\Userbootrest\Userbootrest\target\classes started by dev7 in C:\Users\dev7\Desktop\myfiles\GitHub\khachaneojas\Userbootrest\Userbootrest)
2023-10-25 14:20:18 [restartedMain] INFO  c.u.test.UserbootprojectApplication - No active profile set, falling back to 1 default profile: "default"
2023-10-25 14:20:30 [restartedMain] INFO  c.u.test.UserbootprojectApplication - Started UserbootprojectApplication in 13.611 seconds (JVM running for 15.336)
2023-10-25 14:21:13 [http-nio-8080-exec-1] INFO  com.user.test.filter.LoggingFilter - filter Logs : METHOD = GET; REQUESTURI = /user/allusers; REQUEST BODY = ; RESPONSE CODE = 200; RESPONSE BODY = [{"id":1,"firstname":"Stuart","lastname":"Long","email":"stuart@gmail.com","username":"stuart123","authorities":["Role_Default","Role_Admin"]},{"id":2,"firstname":"Mark","lastname":"Johnson","email":"mark@gmail.com","username":"mark123","authorities":["Role_Default"]},{"id":3,"firstname":"xyz","lastname":"Johnson","email":"xyz@gmail.com","username":"xyz","authorities":[]}]; TIME TAKEN = 226
2023-10-25 15:20:37 [http-nio-8080-exec-3] INFO  com.user.test.filter.LoggingFilter - filter Logs : METHOD = GET; REQUESTURI = /user/alluser; REQUEST BODY = ; RESPONSE CODE = 404; RESPONSE BODY = ; TIME TAKEN = 16
2023-10-25 15:24:20 [http-nio-8080-exec-5] INFO  com.user.test.filter.LoggingFilter - filter Logs : METHOD = PATCH; REQUESTURI = /user/alluser; REQUEST BODY = ; RESPONSE CODE = 404; RESPONSE BODY = ; TIME TAKEN = 8
