2023-10-25 15:28:20 [restartedMain] INFO  c.u.test.UserbootprojectApplication - Starting UserbootprojectApplication using Java 17.0.8 on LAPTOP-16 with PID 13024 (C:\Users\dev7\Desktop\myfiles\GitHub\khachaneojas\Userbootrest\Userbootrest\target\classes started by dev7 in C:\Users\dev7\Desktop\myfiles\GitHub\khachaneojas\Userbootrest\Userbootrest)
2023-10-25 15:28:20 [restartedMain] INFO  c.u.test.UserbootprojectApplication - No active profile set, falling back to 1 default profile: "default"
2023-10-25 15:28:32 [restartedMain] INFO  c.u.test.UserbootprojectApplication - Started UserbootprojectApplication in 13.411 seconds (JVM running for 15.335)
2023-10-25 15:34:39 [restartedMain] INFO  c.u.test.UserbootprojectApplication - Starting UserbootprojectApplication using Java 17.0.8 on LAPTOP-16 with PID 6476 (C:\Users\dev7\Desktop\myfiles\GitHub\khachaneojas\Userbootrest\Userbootrest\target\classes started by dev7 in C:\Users\dev7\Desktop\myfiles\GitHub\khachaneojas\Userbootrest\Userbootrest)
2023-10-25 15:34:39 [restartedMain] INFO  c.u.test.UserbootprojectApplication - No active profile set, falling back to 1 default profile: "default"
2023-10-25 15:34:51 [restartedMain] INFO  c.u.test.UserbootprojectApplication - Started UserbootprojectApplication in 13.003 seconds (JVM running for 14.597)
2023-10-25 15:35:51 [restartedMain] INFO  c.u.test.UserbootprojectApplication - Starting UserbootprojectApplication using Java 17.0.8 on LAPTOP-16 with PID 31696 (C:\Users\dev7\Desktop\myfiles\GitHub\khachaneojas\Userbootrest\Userbootrest\target\classes started by dev7 in C:\Users\dev7\Desktop\myfiles\GitHub\khachaneojas\Userbootrest\Userbootrest)
2023-10-25 15:35:51 [restartedMain] INFO  c.u.test.UserbootprojectApplication - No active profile set, falling back to 1 default profile: "default"
2023-10-25 15:36:03 [restartedMain] INFO  c.u.test.UserbootprojectApplication - Started UserbootprojectApplication in 12.958 seconds (JVM running for 14.665)
2023-10-25 15:56:08 [http-nio-8080-exec-1] INFO  com.user.test.filter.LoggingFilter - filter Logs : METHOD = PATCH; REQUESTURI = /user/alluser; REQUEST BODY = ; RESPONSE CODE = 404; RESPONSE BODY = ; TIME TAKEN = 22
2023-10-25 15:56:17 [http-nio-8080-exec-2] INFO  com.user.test.filter.LoggingFilter - filter Logs : METHOD = GET; REQUESTURI = /user/alluser; REQUEST BODY = ; RESPONSE CODE = 404; RESPONSE BODY = ; TIME TAKEN = 9
2023-10-25 15:56:24 [http-nio-8080-exec-3] INFO  com.user.test.filter.LoggingFilter - filter Logs : METHOD = GET; REQUESTURI = /user/allusers; REQUEST BODY = ; RESPONSE CODE = 200; RESPONSE BODY = [{"id":1,"firstname":"Stuart","lastname":"Long","email":"stuart@gmail.com","username":"stuart123","authorities":["Role_Default","Role_Admin"]},{"id":2,"firstname":"Mark","lastname":"Johnson","email":"mark@gmail.com","username":"mark123","authorities":["Role_Default"]},{"id":3,"firstname":"xyz","lastname":"Johnson","email":"xyz@gmail.com","username":"xyz","authorities":[]}]; TIME TAKEN = 308
2023-10-25 15:59:27 [restartedMain] INFO  c.u.test.UserbootprojectApplication - Starting UserbootprojectApplication using Java 17.0.8 on LAPTOP-16 with PID 7804 (C:\Users\dev7\Desktop\myfiles\GitHub\khachaneojas\Userbootrest\Userbootrest\target\classes started by dev7 in C:\Users\dev7\Desktop\myfiles\GitHub\khachaneojas\Userbootrest\Userbootrest)
2023-10-25 15:59:27 [restartedMain] INFO  c.u.test.UserbootprojectApplication - No active profile set, falling back to 1 default profile: "default"
2023-10-25 15:59:44 [restartedMain] INFO  c.u.test.UserbootprojectApplication - Started UserbootprojectApplication in 18.412 seconds (JVM running for 20.594)
2023-10-25 16:05:17 [http-nio-8080-exec-1] INFO  com.user.test.filter.LoggingFilter - filter Logs : METHOD = GET; REQUESTURI = /user/allusers; REQUEST BODY = ; RESPONSE CODE = 200; RESPONSE BODY = [{"id":1,"firstname":"Stuart","lastname":"Long","email":"stuart@gmail.com","username":"stuart123","authorities":["Role_Admin","Role_Default"]},{"id":2,"firstname":"Mark","lastname":"Johnson","email":"mark@gmail.com","username":"mark123","authorities":["Role_Default"]},{"id":3,"firstname":"xyz","lastname":"Johnson","email":"xyz@gmail.com","username":"xyz","authorities":[]}]; TIME TAKEN = 191
2023-10-25 16:06:56 [restartedMain] INFO  c.u.test.UserbootprojectApplication - Starting UserbootprojectApplication using Java 17.0.8 on LAPTOP-16 with PID 11188 (C:\Users\dev7\Desktop\myfiles\GitHub\khachaneojas\Userbootrest\Userbootrest\target\classes started by dev7 in C:\Users\dev7\Desktop\myfiles\GitHub\khachaneojas\Userbootrest\Userbootrest)
2023-10-25 16:06:56 [restartedMain] INFO  c.u.test.UserbootprojectApplication - No active profile set, falling back to 1 default profile: "default"
2023-10-25 16:07:05 [restartedMain] INFO  c.u.test.UserbootprojectApplication - Started UserbootprojectApplication in 10.161 seconds (JVM running for 11.585)
2023-10-25 16:07:19 [http-nio-8080-exec-1] INFO  com.user.test.filter.LoggingFilter - filter Logs : METHOD = GET; REQUESTURI = /user/allusers; REQUEST BODY = ; RESPONSE CODE = 200; USERID = 1; TIME TAKEN = 183
2023-10-25 16:09:37 [http-nio-8080-exec-3] ERROR com.user.test.filter.LoggingFilter - filter Logs : METHOD = PATCH; REQUESTURI = /user/allusers; REQUEST BODY = ; RESPONSE CODE = 405; USERID = 1; TIME TAKEN = 7
2023-10-25 16:28:10 [http-nio-8080-exec-1] ERROR com.user.test.filter.LoggingFilter - filter Logs : METHOD = PATCH; REQUESTURI = /user/allusers; REQUEST BODY = ; RESPONSE CODE = 405; USERID = 1; TIME TAKEN = 10
2023-10-25 16:49:03 [restartedMain] INFO  c.u.test.UserbootprojectApplication - Starting UserbootprojectApplication using Java 17.0.8 on LAPTOP-16 with PID 31044 (C:\Users\dev7\Desktop\myfiles\GitHub\khachaneojas\Userbootrest\Userbootrest\target\classes started by dev7 in C:\Users\dev7\Desktop\myfiles\GitHub\khachaneojas\Userbootrest\Userbootrest)
2023-10-25 16:49:03 [restartedMain] DEBUG c.u.test.UserbootprojectApplication - Running with Spring Boot v2.7.12, Spring v5.3.27
2023-10-25 16:49:03 [restartedMain] INFO  c.u.test.UserbootprojectApplication - No active profile set, falling back to 1 default profile: "default"
2023-10-25 16:49:07 [restartedMain] DEBUG com.user.test.filter.LoggingFilter - Filter 'loggingFilter' configured for use
2023-10-25 16:49:13 [restartedMain] INFO  c.u.test.UserbootprojectApplication - Started UserbootprojectApplication in 10.361 seconds (JVM running for 11.824)
2023-10-25 16:50:11 [http-nio-8080-exec-1] INFO  com.user.test.filter.LoggingFilter - filter Logs : METHOD = GET; REQUESTURI = /user/allusers; REQUEST BODY = ; RESPONSE CODE = 200; USERID = 1; TIME TAKEN = 251
2023-10-25 16:51:52 [http-nio-8080-exec-4] ERROR com.user.test.filter.LoggingFilter - filter Logs : METHOD = PATCH; REQUESTURI = /user/allusers; REQUEST BODY = ; RESPONSE CODE = 405; USERID = 1; TIME TAKEN = 5
2023-10-25 17:39:11 [restartedMain] INFO  c.u.test.UserbootprojectApplication - Starting UserbootprojectApplication using Java 17.0.8 on LAPTOP-16 with PID 32616 (C:\Users\dev7\Desktop\myfiles\GitHub\khachaneojas\Userbootrest\Userbootrest\target\classes started by dev7 in C:\Users\dev7\Desktop\myfiles\GitHub\khachaneojas\Userbootrest\Userbootrest)
2023-10-25 17:39:11 [restartedMain] DEBUG c.u.test.UserbootprojectApplication - Running with Spring Boot v2.7.12, Spring v5.3.27
2023-10-25 17:39:11 [restartedMain] INFO  c.u.test.UserbootprojectApplication - No active profile set, falling back to 1 default profile: "default"
2023-10-25 17:39:17 [restartedMain] DEBUG com.user.test.filter.LoggingFilter - Filter 'loggingFilter' configured for use
2023-10-25 17:39:24 [restartedMain] INFO  c.u.test.UserbootprojectApplication - Started UserbootprojectApplication in 13.856 seconds (JVM running for 15.512)
2023-10-25 17:40:00 [http-nio-8080-exec-1] INFO  com.user.test.filter.LoggingFilter - filter Logs : METHOD = GET; REQUESTURI = /user/allusers; REQUEST BODY = ; RESPONSE CODE = 200; USERID = 1; TIME TAKEN = 342; IP = 127.0.0.1; HOST = 127.0.0.1
2023-10-25 17:40:00 [http-nio-8080-exec-3] INFO  com.user.test.filter.LoggingFilter - filter Logs : METHOD = GET; REQUESTURI = /user/allusers; REQUEST BODY = ; RESPONSE CODE = 200; USERID = 1; TIME TAKEN = 30; IP = 127.0.0.1; HOST = 127.0.0.1
2023-10-25 17:46:16 [restartedMain] INFO  c.u.test.UserbootprojectApplication - Starting UserbootprojectApplication using Java 17.0.8 on LAPTOP-16 with PID 7856 (C:\Users\dev7\Desktop\myfiles\GitHub\khachaneojas\Userbootrest\Userbootrest\target\classes started by dev7 in C:\Users\dev7\Desktop\myfiles\GitHub\khachaneojas\Userbootrest\Userbootrest)
2023-10-25 17:46:16 [restartedMain] DEBUG c.u.test.UserbootprojectApplication - Running with Spring Boot v2.7.12, Spring v5.3.27
2023-10-25 17:46:16 [restartedMain] INFO  c.u.test.UserbootprojectApplication - No active profile set, falling back to 1 default profile: "default"
2023-10-25 17:46:21 [restartedMain] DEBUG com.user.test.filter.LoggingFilter - Filter 'loggingFilter' configured for use
2023-10-25 17:46:28 [restartedMain] INFO  c.u.test.UserbootprojectApplication - Started UserbootprojectApplication in 12.629 seconds (JVM running for 14.428)
2023-10-25 17:48:43 [restartedMain] INFO  c.u.test.UserbootprojectApplication - Starting UserbootprojectApplication using Java 17.0.8 on LAPTOP-16 with PID 31416 (C:\Users\dev7\Desktop\myfiles\GitHub\khachaneojas\Userbootrest\Userbootrest\target\classes started by dev7 in C:\Users\dev7\Desktop\myfiles\GitHub\khachaneojas\Userbootrest\Userbootrest)
2023-10-25 17:48:43 [restartedMain] DEBUG c.u.test.UserbootprojectApplication - Running with Spring Boot v2.7.12, Spring v5.3.27
2023-10-25 17:48:43 [restartedMain] INFO  c.u.test.UserbootprojectApplication - No active profile set, falling back to 1 default profile: "default"
2023-10-25 17:48:49 [restartedMain] DEBUG com.user.test.filter.LoggingFilter - Filter 'loggingFilter' configured for use
2023-10-25 17:48:55 [restartedMain] INFO  c.u.test.UserbootprojectApplication - Started UserbootprojectApplication in 12.685 seconds (JVM running for 14.302)
2023-10-25 17:49:08 [restartedMain] INFO  c.u.test.UserbootprojectApplication - Starting UserbootprojectApplication using Java 17.0.8 on LAPTOP-16 with PID 7260 (C:\Users\dev7\Desktop\myfiles\GitHub\khachaneojas\Userbootrest\Userbootrest\target\classes started by dev7 in C:\Users\dev7\Desktop\myfiles\GitHub\khachaneojas\Userbootrest\Userbootrest)
2023-10-25 17:49:08 [restartedMain] DEBUG c.u.test.UserbootprojectApplication - Running with Spring Boot v2.7.12, Spring v5.3.27
2023-10-25 17:49:08 [restartedMain] INFO  c.u.test.UserbootprojectApplication - No active profile set, falling back to 1 default profile: "default"
2023-10-25 17:49:13 [restartedMain] DEBUG com.user.test.filter.LoggingFilter - Filter 'loggingFilter' configured for use
2023-10-25 17:49:19 [restartedMain] INFO  c.u.test.UserbootprojectApplication - Started UserbootprojectApplication in 12.501 seconds (JVM running for 14.213)
